{"timestamp":"2025-08-11 03:55:02","version":"1.11.1","level":"info","message":"Starting Nest application..."}
{"timestamp":"2025-08-11 03:55:03","version":"1.11.1","level":"info","message":"Cqr dependencies initialized"}
{"timestamp":"2025-08-11 03:55:03","version":"1.11.1","level":"info","message":"ZKu dependencies initialized"}
{"timestamp":"2025-08-11 03:55:03","version":"1.11.1","level":"info","message":"tXu dependencies initialized"}
{"timestamp":"2025-08-11 03:55:03","version":"1.11.1","level":"info","message":"L$u dependencies initialized"}
{"timestamp":"2025-08-11 03:55:03","version":"1.11.1","level":"info","message":"QSu dependencies initialized"}
{"timestamp":"2025-08-11 03:55:03","version":"1.11.1","level":"info","message":"g_u dependencies initialized"}
{"timestamp":"2025-08-11 03:55:03","version":"1.11.1","level":"info","message":"H$u dependencies initialized"}
{"timestamp":"2025-08-11 03:55:03","version":"1.11.1","level":"info","message":"H$u dependencies initialized"}
{"timestamp":"2025-08-11 03:55:03","version":"1.11.1","level":"info","message":"SZu dependencies initialized"}
{"timestamp":"2025-08-11 03:55:03","version":"1.11.1","level":"info","message":"X4u dependencies initialized"}
{"timestamp":"2025-08-11 03:55:03","version":"1.11.1","level":"info","message":"D$u dependencies initialized"}
{"timestamp":"2025-08-11 03:55:03","version":"1.11.1","level":"info","message":"wZu dependencies initialized"}
{"timestamp":"2025-08-11 03:55:03","version":"1.11.1","level":"info","message":"tZu dependencies initialized"}
{"timestamp":"2025-08-11 03:55:03","version":"1.11.1","level":"info","message":"RZu dependencies initialized"}
{"timestamp":"2025-08-11 03:55:03","version":"1.11.1","level":"info","message":"eZu dependencies initialized"}
{"timestamp":"2025-08-11 03:55:03","version":"1.11.1","level":"info","message":"DZu dependencies initialized"}
{"timestamp":"2025-08-11 03:55:03","version":"1.11.1","level":"info","message":"OZu dependencies initialized"}
{"timestamp":"2025-08-11 03:55:03","version":"1.11.1","level":"info","message":"KZu dependencies initialized"}
{"timestamp":"2025-08-11 03:55:03","version":"1.11.1","level":"info","message":"PZu dependencies initialized"}
{"timestamp":"2025-08-11 03:55:03","version":"1.11.1","level":"info","message":"BZu dependencies initialized"}
{"timestamp":"2025-08-11 03:55:03","version":"1.11.1","level":"info","message":"qZu dependencies initialized"}
{"timestamp":"2025-08-11 03:55:03","version":"1.11.1","level":"info","message":"FZu dependencies initialized"}
{"timestamp":"2025-08-11 03:55:14","version":"1.11.1","level":"info","message":"XKu dependencies initialized"}
{"timestamp":"2025-08-11 03:56:44","version":"1.11.1","level":"info","message":"Starting p2p process with agent version othentic-cli/1.11.1 js-libp2p/2.5.0"}
{"timestamp":"2025-08-11 03:56:44","version":"1.11.1","level":"info","message":"Operator address: 0xEbe4f49161eb9002eD19E06F943DCe73D24B596E"}
{"timestamp":"2025-08-11 03:56:44","version":"1.11.1","level":"info","message":"Operator ID: 121 on chain 84532"}
{"timestamp":"2025-08-11 03:56:44","version":"1.11.1","level":"info","message":"Authentication layer enabled: false"}
{"timestamp":"2025-08-11 03:56:44","version":"1.11.1","level":"info","message":"Enable peer score thresholds: false"}
{"timestamp":"2025-08-11 03:56:44","version":"1.11.1","level":"info","message":"Running node with peer list: /ip4/192.168.1.17/tcp/9876/p2p/12D3KooWBNFG1QjuF3UKAKvqhdXcxh9iBmj88cM5eU2EK5Pa91KB"}
{"timestamp":"2025-08-11 03:56:44","version":"1.11.1","level":"info","message":"Libp2p node started with peer id: 12D3KooWGap7GmcSHnzdjsWFiWeKkK4Zd7wgnkZfLVvg72yaQS8Z"}
{"timestamp":"2025-08-11 03:56:44","version":"1.11.1","level":"info","message":"Metrics server running at http://0.0.0.0:8999/"}
{"timestamp":"2025-08-11 03:56:44","version":"1.11.1","level":"info","message":"Listening on the following addresses: /ip4/172.28.0.42/tcp/9009/p2p/12D3KooWGap7GmcSHnzdjsWFiWeKkK4Zd7wgnkZfLVvg72yaQS8Z"}
{"timestamp":"2025-08-11 03:56:44","version":"1.11.1","level":"debug","message":"Updating operator status"}
{"timestamp":"2025-08-11 03:56:45","version":"1.11.1","level":"info","message":"Operator now active on chain 84532, with ID 121 and share amount 100000000000"}
{"timestamp":"2025-08-11 03:56:45","version":"1.11.1","level":"info","message":"Connected to AVS WebAPI at: http://host.docker.internal:9003"}
{"timestamp":"2025-08-11 04:06:39","version":"1.11.1","level":"info","message":"Starting Nest application..."}
{"timestamp":"2025-08-11 04:06:39","version":"1.11.1","level":"info","message":"Cqr dependencies initialized"}
{"timestamp":"2025-08-11 04:06:39","version":"1.11.1","level":"info","message":"ZKu dependencies initialized"}
{"timestamp":"2025-08-11 04:06:39","version":"1.11.1","level":"info","message":"tXu dependencies initialized"}
{"timestamp":"2025-08-11 04:06:39","version":"1.11.1","level":"info","message":"L$u dependencies initialized"}
{"timestamp":"2025-08-11 04:06:39","version":"1.11.1","level":"info","message":"QSu dependencies initialized"}
{"timestamp":"2025-08-11 04:06:39","version":"1.11.1","level":"info","message":"g_u dependencies initialized"}
{"timestamp":"2025-08-11 04:06:39","version":"1.11.1","level":"info","message":"H$u dependencies initialized"}
{"timestamp":"2025-08-11 04:06:39","version":"1.11.1","level":"info","message":"H$u dependencies initialized"}
{"timestamp":"2025-08-11 04:06:39","version":"1.11.1","level":"info","message":"SZu dependencies initialized"}
{"timestamp":"2025-08-11 04:06:39","version":"1.11.1","level":"info","message":"X4u dependencies initialized"}
{"timestamp":"2025-08-11 04:06:39","version":"1.11.1","level":"info","message":"D$u dependencies initialized"}
{"timestamp":"2025-08-11 04:06:39","version":"1.11.1","level":"info","message":"wZu dependencies initialized"}
{"timestamp":"2025-08-11 04:06:39","version":"1.11.1","level":"info","message":"tZu dependencies initialized"}
{"timestamp":"2025-08-11 04:06:39","version":"1.11.1","level":"info","message":"RZu dependencies initialized"}
{"timestamp":"2025-08-11 04:06:39","version":"1.11.1","level":"info","message":"eZu dependencies initialized"}
{"timestamp":"2025-08-11 04:06:40","version":"1.11.1","level":"info","message":"DZu dependencies initialized"}
{"timestamp":"2025-08-11 04:06:40","version":"1.11.1","level":"info","message":"OZu dependencies initialized"}
{"timestamp":"2025-08-11 04:06:40","version":"1.11.1","level":"info","message":"KZu dependencies initialized"}
{"timestamp":"2025-08-11 04:06:40","version":"1.11.1","level":"info","message":"PZu dependencies initialized"}
{"timestamp":"2025-08-11 04:06:40","version":"1.11.1","level":"info","message":"BZu dependencies initialized"}
{"timestamp":"2025-08-11 04:06:40","version":"1.11.1","level":"info","message":"qZu dependencies initialized"}
{"timestamp":"2025-08-11 04:06:40","version":"1.11.1","level":"info","message":"FZu dependencies initialized"}
{"timestamp":"2025-08-11 04:06:42","version":"1.11.1","level":"info","message":"XKu dependencies initialized"}
{"timestamp":"2025-08-11 04:06:59","version":"1.11.1","level":"info","message":"Starting p2p process with agent version othentic-cli/1.11.1 js-libp2p/2.5.0"}
{"timestamp":"2025-08-11 04:06:59","version":"1.11.1","level":"info","message":"Operator address: 0xEbe4f49161eb9002eD19E06F943DCe73D24B596E"}
{"timestamp":"2025-08-11 04:06:59","version":"1.11.1","level":"info","message":"Operator ID: 121 on chain 84532"}
{"timestamp":"2025-08-11 04:06:59","version":"1.11.1","level":"info","message":"Authentication layer enabled: false"}
{"timestamp":"2025-08-11 04:06:59","version":"1.11.1","level":"info","message":"Enable peer score thresholds: false"}
{"timestamp":"2025-08-11 04:06:59","version":"1.11.1","level":"info","message":"Running node with peer list: /ip4/192.168.1.17/tcp/9876/p2p/12D3KooWBNFG1QjuF3UKAKvqhdXcxh9iBmj88cM5eU2EK5Pa91KB"}
{"timestamp":"2025-08-11 04:07:00","version":"1.11.1","level":"info","message":"Libp2p node started with peer id: 12D3KooWGap7GmcSHnzdjsWFiWeKkK4Zd7wgnkZfLVvg72yaQS8Z"}
{"timestamp":"2025-08-11 04:07:00","version":"1.11.1","level":"info","message":"Metrics server running at http://0.0.0.0:8999/"}
{"timestamp":"2025-08-11 04:07:00","version":"1.11.1","level":"info","message":"Listening on the following addresses: /ip4/172.28.0.42/tcp/9009/p2p/12D3KooWGap7GmcSHnzdjsWFiWeKkK4Zd7wgnkZfLVvg72yaQS8Z"}
{"timestamp":"2025-08-11 04:07:00","version":"1.11.1","level":"debug","message":"Updating operator status"}
{"timestamp":"2025-08-11 04:07:00","version":"1.11.1","level":"info","message":"Operator now active on chain 84532, with ID 121 and share amount 100000000000"}
{"timestamp":"2025-08-11 04:07:00","version":"1.11.1","level":"info","message":"Connected to AVS WebAPI at: http://host.docker.internal:9003"}
{"timestamp":"2025-08-11 04:14:06","version":"1.11.1","level":"info","message":"OnApplicationShutdown SIGTERM"}
{"timestamp":"2025-08-11 04:14:14","version":"1.11.1","level":"info","message":"Starting Nest application..."}
{"timestamp":"2025-08-11 04:14:15","version":"1.11.1","level":"info","message":"Cqr dependencies initialized"}
{"timestamp":"2025-08-11 04:14:15","version":"1.11.1","level":"info","message":"ZKu dependencies initialized"}
{"timestamp":"2025-08-11 04:14:15","version":"1.11.1","level":"info","message":"tXu dependencies initialized"}
{"timestamp":"2025-08-11 04:14:15","version":"1.11.1","level":"info","message":"L$u dependencies initialized"}
{"timestamp":"2025-08-11 04:14:15","version":"1.11.1","level":"info","message":"QSu dependencies initialized"}
{"timestamp":"2025-08-11 04:14:15","version":"1.11.1","level":"info","message":"g_u dependencies initialized"}
{"timestamp":"2025-08-11 04:14:15","version":"1.11.1","level":"info","message":"H$u dependencies initialized"}
{"timestamp":"2025-08-11 04:14:15","version":"1.11.1","level":"info","message":"H$u dependencies initialized"}
{"timestamp":"2025-08-11 04:14:15","version":"1.11.1","level":"info","message":"SZu dependencies initialized"}
{"timestamp":"2025-08-11 04:14:15","version":"1.11.1","level":"info","message":"X4u dependencies initialized"}
{"timestamp":"2025-08-11 04:14:15","version":"1.11.1","level":"info","message":"D$u dependencies initialized"}
{"timestamp":"2025-08-11 04:14:15","version":"1.11.1","level":"info","message":"wZu dependencies initialized"}
{"timestamp":"2025-08-11 04:14:15","version":"1.11.1","level":"info","message":"tZu dependencies initialized"}
{"timestamp":"2025-08-11 04:14:15","version":"1.11.1","level":"info","message":"RZu dependencies initialized"}
{"timestamp":"2025-08-11 04:14:15","version":"1.11.1","level":"info","message":"eZu dependencies initialized"}
{"timestamp":"2025-08-11 04:14:15","version":"1.11.1","level":"info","message":"DZu dependencies initialized"}
{"timestamp":"2025-08-11 04:14:15","version":"1.11.1","level":"info","message":"OZu dependencies initialized"}
{"timestamp":"2025-08-11 04:14:15","version":"1.11.1","level":"info","message":"KZu dependencies initialized"}
{"timestamp":"2025-08-11 04:14:15","version":"1.11.1","level":"info","message":"PZu dependencies initialized"}
{"timestamp":"2025-08-11 04:14:15","version":"1.11.1","level":"info","message":"BZu dependencies initialized"}
{"timestamp":"2025-08-11 04:14:15","version":"1.11.1","level":"info","message":"qZu dependencies initialized"}
{"timestamp":"2025-08-11 04:14:15","version":"1.11.1","level":"info","message":"FZu dependencies initialized"}
{"timestamp":"2025-08-11 04:14:15","version":"1.11.1","level":"info","message":"XKu dependencies initialized"}
{"timestamp":"2025-08-11 04:14:20","version":"1.11.1","level":"info","message":"Starting p2p process with agent version othentic-cli/1.11.1 js-libp2p/2.5.0"}
{"timestamp":"2025-08-11 04:14:20","version":"1.11.1","level":"info","message":"Operator address: 0xEbe4f49161eb9002eD19E06F943DCe73D24B596E"}
{"timestamp":"2025-08-11 04:14:20","version":"1.11.1","level":"info","message":"Operator ID: 121 on chain 84532"}
{"timestamp":"2025-08-11 04:14:20","version":"1.11.1","level":"info","message":"Authentication layer enabled: false"}
{"timestamp":"2025-08-11 04:14:20","version":"1.11.1","level":"info","message":"Enable peer score thresholds: false"}
{"timestamp":"2025-08-11 04:14:20","version":"1.11.1","level":"info","message":"Running node with peer list: /ip4/172.28.0.69/tcp/9876/p2p/12D3KooWBNFG1QjuF3UKAKvqhdXcxh9iBmj88cM5eU2EK5Pa91KB"}
{"timestamp":"2025-08-11 04:14:21","version":"1.11.1","level":"info","message":"Libp2p node started with peer id: 12D3KooWGap7GmcSHnzdjsWFiWeKkK4Zd7wgnkZfLVvg72yaQS8Z"}
{"timestamp":"2025-08-11 04:14:21","version":"1.11.1","level":"info","message":"Metrics server running at http://0.0.0.0:9008/"}
{"timestamp":"2025-08-11 04:14:21","version":"1.11.1","level":"info","message":"Listening on the following addresses: /ip4/192.168.1.56/tcp/9875/p2p/12D3KooWGap7GmcSHnzdjsWFiWeKkK4Zd7wgnkZfLVvg72yaQS8Z"}
{"timestamp":"2025-08-11 04:14:21","version":"1.11.1","level":"debug","message":"Updating operator status"}
{"timestamp":"2025-08-11 04:14:21","version":"1.11.1","level":"info","message":"Operator now active on chain 84532, with ID 121 and share amount 100000000000"}
{"timestamp":"2025-08-11 04:14:21","version":"1.11.1","level":"info","message":"Connected to AVS WebAPI at: http://host.docker.internal:9003"}
{"timestamp":"2025-08-11 04:14:22","version":"1.11.1","level":"info","message":"Connected to peer: 12D3KooWBNFG1QjuF3UKAKvqhdXcxh9iBmj88cM5eU2EK5Pa91KB"}
{"timestamp":"2025-08-11 04:14:22","version":"1.11.1","level":"info","message":"Peer count: 1"}
{"timestamp":"2025-08-11 05:46:14","version":"1.11.1","level":"info","message":"New message received: proof of task: 0x66fb241acb454dbcf5a5d45790b3a399f1fae6f963963791bc22a99cf58edf84 with definitionId: 10001 from peer: 12D3KooWBNFG1QjuF3UKAKvqhdXcxh9iBmj88cM5eU2EK5Pa91KB targetChainId: 84532"}
{"timestamp":"2025-08-11 05:46:14","version":"1.11.1","level":"debug","message":"Updating operator status"}
{"timestamp":"2025-08-11 05:46:16","version":"1.11.1","level":"info","message":"signing pubkey: 6cde2d3f431047c6abd93b6a1d9fe14c17d8174e360bbc87f68192c8244646199ac83ed4b5db3dbc4ea1a0d27cad09cc1ae21bd4ebe1b1c28171b0ec1abb4825"}
{"timestamp":"2025-08-11 05:46:16","version":"1.11.1","level":"info","message":"signed"}
