{"timestamp":"2025-08-02 04:05:24","version":"1.11.1","level":"info","message":"Starting Nest application..."}
{"timestamp":"2025-08-02 04:05:25","version":"1.11.1","level":"info","message":"Cqr dependencies initialized"}
{"timestamp":"2025-08-02 04:05:25","version":"1.11.1","level":"info","message":"ZKu dependencies initialized"}
{"timestamp":"2025-08-02 04:05:25","version":"1.11.1","level":"info","message":"tXu dependencies initialized"}
{"timestamp":"2025-08-02 04:05:25","version":"1.11.1","level":"info","message":"L$u dependencies initialized"}
{"timestamp":"2025-08-02 04:05:25","version":"1.11.1","level":"info","message":"QSu dependencies initialized"}
{"timestamp":"2025-08-02 04:05:25","version":"1.11.1","level":"info","message":"g_u dependencies initialized"}
{"timestamp":"2025-08-02 04:05:25","version":"1.11.1","level":"info","message":"H$u dependencies initialized"}
{"timestamp":"2025-08-02 04:05:25","version":"1.11.1","level":"info","message":"H$u dependencies initialized"}
{"timestamp":"2025-08-02 04:05:25","version":"1.11.1","level":"info","message":"SZu dependencies initialized"}
{"timestamp":"2025-08-02 04:05:25","version":"1.11.1","level":"info","message":"X4u dependencies initialized"}
{"timestamp":"2025-08-02 04:05:25","version":"1.11.1","level":"info","message":"D$u dependencies initialized"}
{"timestamp":"2025-08-02 04:05:25","version":"1.11.1","level":"info","message":"wZu dependencies initialized"}
{"timestamp":"2025-08-02 04:05:25","version":"1.11.1","level":"info","message":"tZu dependencies initialized"}
{"timestamp":"2025-08-02 04:05:25","version":"1.11.1","level":"info","message":"RZu dependencies initialized"}
{"timestamp":"2025-08-02 04:05:25","version":"1.11.1","level":"info","message":"eZu dependencies initialized"}
{"timestamp":"2025-08-02 04:05:25","version":"1.11.1","level":"info","message":"DZu dependencies initialized"}
{"timestamp":"2025-08-02 04:05:25","version":"1.11.1","level":"info","message":"OZu dependencies initialized"}
{"timestamp":"2025-08-02 04:05:25","version":"1.11.1","level":"info","message":"KZu dependencies initialized"}
{"timestamp":"2025-08-02 04:05:25","version":"1.11.1","level":"info","message":"PZu dependencies initialized"}
{"timestamp":"2025-08-02 04:05:25","version":"1.11.1","level":"info","message":"BZu dependencies initialized"}
{"timestamp":"2025-08-02 04:05:25","version":"1.11.1","level":"info","message":"qZu dependencies initialized"}
{"timestamp":"2025-08-02 04:05:25","version":"1.11.1","level":"info","message":"FZu dependencies initialized"}
{"timestamp":"2025-08-02 04:05:30","version":"1.11.1","level":"info","message":"XKu dependencies initialized"}
{"timestamp":"2025-08-02 04:07:04","version":"1.11.1","level":"info","message":"Starting p2p process with agent version othentic-cli/1.11.1 js-libp2p/2.5.0"}
{"timestamp":"2025-08-02 04:07:04","version":"1.11.1","level":"info","message":"Operator address: 0xEbe4f49161eb9002eD19E06F943DCe73D24B596E"}
{"timestamp":"2025-08-02 04:07:04","version":"1.11.1","level":"info","message":"Operator ID: 121 on chain 84532"}
{"timestamp":"2025-08-02 04:07:04","version":"1.11.1","level":"info","message":"Authentication layer enabled: false"}
{"timestamp":"2025-08-02 04:07:04","version":"1.11.1","level":"info","message":"Enable peer score thresholds: false"}
{"timestamp":"2025-08-02 04:07:04","version":"1.11.1","level":"info","message":"Running node with peer list: /ip4/192.168.1.17/tcp/9876/p2p/12D3KooWBNFG1QjuF3UKAKvqhdXcxh9iBmj88cM5eU2EK5Pa91KB"}
{"timestamp":"2025-08-02 04:07:04","version":"1.11.1","level":"info","message":"Libp2p node started with peer id: 12D3KooWGap7GmcSHnzdjsWFiWeKkK4Zd7wgnkZfLVvg72yaQS8Z"}
{"timestamp":"2025-08-02 04:07:04","version":"1.11.1","level":"info","message":"Metrics server running at http://0.0.0.0:8999/"}
{"timestamp":"2025-08-02 04:07:04","version":"1.11.1","level":"info","message":"Listening on the following addresses: /ip4/172.28.0.42/tcp/9009/p2p/12D3KooWGap7GmcSHnzdjsWFiWeKkK4Zd7wgnkZfLVvg72yaQS8Z"}
{"timestamp":"2025-08-02 04:07:04","version":"1.11.1","level":"debug","message":"Updating operator status"}
{"timestamp":"2025-08-02 04:07:04","version":"1.11.1","level":"info","message":"Operator now active on chain 84532, with ID 121 and share amount 100000000000"}
{"timestamp":"2025-08-02 04:07:04","version":"1.11.1","level":"info","message":"Connected to AVS WebAPI at: http://host.docker.internal:9003"}
