{"timestamp":"2025-11-17 00:51:28","version":"1.15.0","level":"info","message":"Executing task 10001 on chain 84532"}
{"timestamp":"2025-11-17 00:51:28","version":"1.15.0","level":"info","message":"Executing task 10002 on chain 84532"}
{"timestamp":"2025-11-17 00:51:30","version":"1.15.0","level":"info","message":"task results: increases: 0, decreases: 3"}
{"timestamp":"2025-11-17 00:51:30","version":"1.15.0","level":"info","message":"Broadcasting task 10001 with proof: 0x20f6b527d272dcb0522b50c87b788e5df249b652dcdab73eef6a71d889847723"}
{"timestamp":"2025-11-17 01:51:28","version":"1.15.0","level":"info","message":"Executing task 10001 on chain 84532"}
{"timestamp":"2025-11-17 01:51:28","version":"1.15.0","level":"info","message":"Executing task 10002 on chain 84532"}
{"timestamp":"2025-11-17 01:51:30","version":"1.15.0","level":"info","message":"task results: increases: 0, decreases: 3"}
{"timestamp":"2025-11-17 01:51:30","version":"1.15.0","level":"info","message":"Broadcasting task 10001 with proof: 0x45a74805b444fb6b6817fea352809cde9160717b05a887a46c8c5f1b57120eab"}
{"timestamp":"2025-11-17 02:51:28","version":"1.15.0","level":"info","message":"Executing task 10001 on chain 84532"}
{"timestamp":"2025-11-17 02:51:28","version":"1.15.0","level":"info","message":"Executing task 10002 on chain 84532"}
{"timestamp":"2025-11-17 02:51:30","version":"1.15.0","level":"info","message":"task results: increases: 0, decreases: 3"}
{"timestamp":"2025-11-17 02:51:30","version":"1.15.0","level":"info","message":"Broadcasting task 10001 with proof: 0x6a38704d4f4cee5f08f7880234731dbecd4690db68886565f4d65a51b7c74172"}
{"timestamp":"2025-11-17 03:51:28","version":"1.15.0","level":"info","message":"Executing task 10001 on chain 84532"}
{"timestamp":"2025-11-17 03:51:28","version":"1.15.0","level":"info","message":"Executing task 10002 on chain 84532"}
{"timestamp":"2025-11-17 03:51:30","version":"1.15.0","level":"info","message":"task results: increases: 0, decreases: 3"}
{"timestamp":"2025-11-17 03:51:30","version":"1.15.0","level":"info","message":"Broadcasting task 10001 with proof: 0xce0db77f1242b5205a132e9c801e0b1cbbd7838cde4208c03f2163018c6b7b20"}
{"timestamp":"2025-11-17 04:12:50","version":"1.15.0","level":"info","message":"RPC request:"}
{"timestamp":"2025-11-17 04:12:50","version":"1.15.0","level":"info","message":"Response:"}
{"timestamp":"2025-11-17 04:12:50","version":"1.15.0","level":"info","message":"RPC request:"}
{"timestamp":"2025-11-17 04:12:50","version":"1.15.0","level":"info","message":"Response:"}
{"timestamp":"2025-11-17 04:13:19","version":"1.15.0","level":"info","message":"RPC request:"}
{"timestamp":"2025-11-17 04:13:19","version":"1.15.0","level":"info","message":"Response:"}
{"timestamp":"2025-11-17 04:13:49","version":"1.15.0","level":"info","message":"RPC request:"}
{"timestamp":"2025-11-17 04:13:49","version":"1.15.0","level":"info","message":"Response:"}
{"timestamp":"2025-11-17 04:14:19","version":"1.15.0","level":"info","message":"RPC request:"}
{"timestamp":"2025-11-17 04:14:19","version":"1.15.0","level":"info","message":"Response:"}
{"timestamp":"2025-11-17 04:14:49","version":"1.15.0","level":"info","message":"RPC request:"}
{"timestamp":"2025-11-17 04:14:49","version":"1.15.0","level":"info","message":"Response:"}
{"timestamp":"2025-11-17 04:15:19","version":"1.15.0","level":"info","message":"RPC request:"}
{"timestamp":"2025-11-17 04:15:19","version":"1.15.0","level":"info","message":"Response:"}
{"timestamp":"2025-11-17 04:15:49","version":"1.15.0","level":"info","message":"RPC request:"}
{"timestamp":"2025-11-17 04:15:49","version":"1.15.0","level":"info","message":"Response:"}
{"timestamp":"2025-11-17 04:16:19","version":"1.15.0","level":"info","message":"RPC request:"}
{"timestamp":"2025-11-17 04:16:19","version":"1.15.0","level":"info","message":"Response:"}
{"timestamp":"2025-11-17 04:16:49","version":"1.15.0","level":"info","message":"RPC request:"}
{"timestamp":"2025-11-17 04:16:49","version":"1.15.0","level":"info","message":"Response:"}
{"timestamp":"2025-11-17 04:17:19","version":"1.15.0","level":"info","message":"RPC request:"}
{"timestamp":"2025-11-17 04:17:19","version":"1.15.0","level":"info","message":"Response:"}
{"timestamp":"2025-11-17 04:17:49","version":"1.15.0","level":"info","message":"RPC request:"}
{"timestamp":"2025-11-17 04:17:49","version":"1.15.0","level":"info","message":"Response:"}
{"timestamp":"2025-11-17 04:22:25","version":"1.15.0","level":"info","message":"Peer disconnected: 12D3KooWGap7GmcSHnzdjsWFiWeKkK4Zd7wgnkZfLVvg72yaQS8Z"}
{"timestamp":"2025-11-17 04:22:25","version":"1.15.0","level":"info","message":"Peer count: 0"}
{"timestamp":"2025-11-17 04:22:25","version":"1.15.0","level":"info","message":"OnApplicationShutdown SIGTERM"}
{"timestamp":"2025-11-17 04:22:27","version":"1.15.0","level":"info","message":"Starting Nest application..."}
{"timestamp":"2025-11-17 04:22:27","version":"1.15.0","level":"info","message":"p6r dependencies initialized"}
{"timestamp":"2025-11-17 04:22:27","version":"1.15.0","level":"info","message":"ehu dependencies initialized"}
{"timestamp":"2025-11-17 04:22:27","version":"1.15.0","level":"info","message":"thu dependencies initialized"}
{"timestamp":"2025-11-17 04:22:27","version":"1.15.0","level":"info","message":"Jhu dependencies initialized"}
{"timestamp":"2025-11-17 04:22:27","version":"1.15.0","level":"info","message":"zhu dependencies initialized"}
{"timestamp":"2025-11-17 04:22:27","version":"1.15.0","level":"info","message":"zAu dependencies initialized"}
{"timestamp":"2025-11-17 04:22:27","version":"1.15.0","level":"info","message":"TUc dependencies initialized"}
{"timestamp":"2025-11-17 04:22:27","version":"1.15.0","level":"info","message":"IFc dependencies initialized"}
{"timestamp":"2025-11-17 04:22:27","version":"1.15.0","level":"info","message":"t0u dependencies initialized"}
{"timestamp":"2025-11-17 04:22:27","version":"1.15.0","level":"info","message":"t0u dependencies initialized"}
{"timestamp":"2025-11-17 04:22:27","version":"1.15.0","level":"info","message":"t0u dependencies initialized"}
{"timestamp":"2025-11-17 04:22:27","version":"1.15.0","level":"info","message":"t0u dependencies initialized"}
{"timestamp":"2025-11-17 04:22:27","version":"1.15.0","level":"info","message":"nhu dependencies initialized"}
{"timestamp":"2025-11-17 04:22:27","version":"1.15.0","level":"info","message":"YHc dependencies initialized"}
{"timestamp":"2025-11-17 04:22:27","version":"1.15.0","level":"info","message":"MAu dependencies initialized"}
{"timestamp":"2025-11-17 04:22:27","version":"1.15.0","level":"info","message":"MAu dependencies initialized"}
{"timestamp":"2025-11-17 04:22:27","version":"1.15.0","level":"info","message":"Fhu dependencies initialized"}
{"timestamp":"2025-11-17 04:22:27","version":"1.15.0","level":"info","message":"_hu dependencies initialized"}
{"timestamp":"2025-11-17 04:22:27","version":"1.15.0","level":"info","message":"bhu dependencies initialized"}
{"timestamp":"2025-11-17 04:22:27","version":"1.15.0","level":"info","message":"Dhu dependencies initialized"}
{"timestamp":"2025-11-17 04:22:27","version":"1.15.0","level":"info","message":"Qhu dependencies initialized"}
{"timestamp":"2025-11-17 04:22:27","version":"1.15.0","level":"info","message":"Xhu dependencies initialized"}
{"timestamp":"2025-11-17 04:22:27","version":"1.15.0","level":"info","message":"Zhu dependencies initialized"}
{"timestamp":"2025-11-17 04:22:27","version":"1.15.0","level":"info","message":"xhu dependencies initialized"}
{"timestamp":"2025-11-17 04:22:27","version":"1.15.0","level":"info","message":"lyu dependencies initialized"}
{"timestamp":"2025-11-17 04:22:27","version":"1.15.0","level":"info","message":"Ayu dependencies initialized"}
{"timestamp":"2025-11-17 04:22:27","version":"1.15.0","level":"info","message":"nyu dependencies initialized"}
{"timestamp":"2025-11-17 04:22:27","version":"1.15.0","level":"info","message":"ryu dependencies initialized"}
{"timestamp":"2025-11-17 04:22:27","version":"1.15.0","level":"info","message":"rhu dependencies initialized"}
{"timestamp":"2025-11-17 04:22:29","version":"1.15.0","level":"info","message":"L1 RPC: https://eth-holesky.g.alchemy.com/v2/_HarkXk6peAjgeCiE1LadowO9I0q2ZVh"}
{"timestamp":"2025-11-17 04:22:29","version":"1.15.0","level":"info","message":"L2 RPC: https://base-sepolia.g.alchemy.com/v2/_HarkXk6peAjgeCiE1LadowO9I0q2ZVh"}
{"timestamp":"2025-11-17 04:22:30","version":"1.15.0","level":"info","message":"Starting p2p process with agent version othentic-cli/1.15.0 js-libp2p/2.5.0"}
{"timestamp":"2025-11-17 04:22:30","version":"1.15.0","level":"info","message":"Operator address: 0xBaE997eFC6E496d8A34181C2443d97b491A3f057"}
{"timestamp":"2025-11-17 04:22:30","version":"1.15.0","level":"info","message":"Operator ID: 1 on chain 84532"}
{"timestamp":"2025-11-17 04:22:30","version":"1.15.0","level":"info","message":"Authentication layer enabled: false"}
{"timestamp":"2025-11-17 04:22:30","version":"1.15.0","level":"info","message":"Enable peer score thresholds: false"}
{"timestamp":"2025-11-17 04:22:30","version":"1.15.0","level":"info","message":"Running a bootstrap node"}
{"timestamp":"2025-11-17 04:22:30","version":"1.15.0","level":"info","message":"Datastore opened at /peerstore/aggregator"}
{"timestamp":"2025-11-17 04:22:30","version":"1.15.0","level":"info","message":"Libp2p node started with peer id: 12D3KooWBNFG1QjuF3UKAKvqhdXcxh9iBmj88cM5eU2EK5Pa91KB"}
{"timestamp":"2025-11-17 04:22:30","version":"1.15.0","level":"info","message":"Metrics server running at http://0.0.0.0:9000/"}
{"timestamp":"2025-11-17 04:22:30","version":"1.15.0","level":"info","message":"Listening on the following addresses: /ip4/192.168.1.52/tcp/9876/p2p/12D3KooWBNFG1QjuF3UKAKvqhdXcxh9iBmj88cM5eU2EK5Pa91KB"}
{"timestamp":"2025-11-17 04:22:30","version":"1.15.0","level":"debug","message":"Starting internal task registration"}
{"timestamp":"2025-11-17 04:22:30","version":"1.15.0","level":"info","message":"Registered task 10001, with interval 3600000"}
{"timestamp":"2025-11-17 04:22:30","version":"1.15.0","level":"info","message":"Registered task 10002, with interval 3600000"}
{"timestamp":"2025-11-17 04:22:30","version":"1.15.0","level":"info","message":"JSON-RPC server started, listening on port 9001"}
{"timestamp":"2025-11-17 04:22:31","version":"1.15.0","level":"debug","message":"Checking inbound connection for peer /ip4/172.28.0.70/tcp/49374. Last ban time: never"}
{"timestamp":"2025-11-17 04:22:31","version":"1.15.0","level":"info","message":"Connected to peer: 12D3KooWGap7GmcSHnzdjsWFiWeKkK4Zd7wgnkZfLVvg72yaQS8Z"}
{"timestamp":"2025-11-17 04:22:31","version":"1.15.0","level":"info","message":"Peer count: 1"}
{"timestamp":"2025-11-17 04:22:31","version":"1.15.0","level":"debug","message":"Connecting to discovered peer: 12D3KooWGap7GmcSHnzdjsWFiWeKkK4Zd7wgnkZfLVvg72yaQS8Z"}
{"timestamp":"2025-11-17 04:23:19","version":"1.15.0","level":"info","message":"RPC request:"}
{"timestamp":"2025-11-17 04:23:19","version":"1.15.0","level":"info","message":"Response:"}
{"timestamp":"2025-11-17 04:23:49","version":"1.15.0","level":"info","message":"RPC request:"}
{"timestamp":"2025-11-17 04:23:49","version":"1.15.0","level":"info","message":"Response:"}
{"timestamp":"2025-11-17 04:24:19","version":"1.15.0","level":"info","message":"RPC request:"}
{"timestamp":"2025-11-17 04:24:19","version":"1.15.0","level":"info","message":"Response:"}
{"timestamp":"2025-11-17 04:24:49","version":"1.15.0","level":"info","message":"RPC request:"}
{"timestamp":"2025-11-17 04:24:49","version":"1.15.0","level":"info","message":"Response:"}
{"timestamp":"2025-11-17 04:25:19","version":"1.15.0","level":"info","message":"RPC request:"}
{"timestamp":"2025-11-17 04:25:19","version":"1.15.0","level":"info","message":"Response:"}
{"timestamp":"2025-11-17 04:25:49","version":"1.15.0","level":"info","message":"RPC request:"}
{"timestamp":"2025-11-17 04:25:49","version":"1.15.0","level":"info","message":"Response:"}
{"timestamp":"2025-11-17 04:26:19","version":"1.15.0","level":"info","message":"RPC request:"}
{"timestamp":"2025-11-17 04:26:19","version":"1.15.0","level":"info","message":"Response:"}
{"timestamp":"2025-11-17 04:26:49","version":"1.15.0","level":"info","message":"RPC request:"}
{"timestamp":"2025-11-17 04:26:49","version":"1.15.0","level":"info","message":"Response:"}
{"timestamp":"2025-11-17 04:27:19","version":"1.15.0","level":"info","message":"RPC request:"}
{"timestamp":"2025-11-17 04:27:19","version":"1.15.0","level":"info","message":"Response:"}
{"timestamp":"2025-11-17 04:27:49","version":"1.15.0","level":"info","message":"RPC request:"}
{"timestamp":"2025-11-17 04:27:49","version":"1.15.0","level":"info","message":"Response:"}
{"timestamp":"2025-11-17 04:28:19","version":"1.15.0","level":"info","message":"RPC request:"}
{"timestamp":"2025-11-17 04:28:19","version":"1.15.0","level":"info","message":"Response:"}
{"timestamp":"2025-11-17 04:28:49","version":"1.15.0","level":"info","message":"RPC request:"}
{"timestamp":"2025-11-17 04:28:49","version":"1.15.0","level":"info","message":"Response:"}
{"timestamp":"2025-11-17 04:29:19","version":"1.15.0","level":"info","message":"RPC request:"}
{"timestamp":"2025-11-17 04:29:19","version":"1.15.0","level":"info","message":"Response:"}
{"timestamp":"2025-11-17 04:44:32","version":"1.15.0","level":"info","message":"OnApplicationShutdown SIGTERM"}
